<?xml version="1.0" encoding="UTF-8"?>
<testng-results ignored="0" total="1" passed="1" failed="0" skipped="0">
  <reporter-output>
  </reporter-output>
  <suite started-at="2022-07-02T10:34:09 ICT" name="Default suite" finished-at="2022-07-02T10:34:15 ICT" duration-ms="5696">
    <groups>
    </groups>
    <test started-at="2022-07-02T10:34:09 ICT" name="Default test" finished-at="2022-07-02T10:34:15 ICT" duration-ms="5696">
      <class name="restautotest.SignUpTest">
        <test-method signature="test1()[pri:0, instance:restautotest.SignUpTest@7e5afaa6]" started-at="2022-07-02T10:34:09 ICT" name="test1" finished-at="2022-07-02T10:34:15 ICT" duration-ms="5654" status="PASS">
          <reporter-output>
          </reporter-output>
        </test-method> <!-- test1 -->
      </class> <!-- restautotest.SignUpTest -->
    </test> <!-- Default test -->
  </suite> <!-- Default suite -->
</testng-results>
